<?xml version="1.0" encoding="UTF-8"?>
<!-- Generated by org.testng.reporters.JUnitReportReporter -->
<testsuite hostname="PLATINUM" failures="0" tests="1" name="tests.CartTest" time="23.309" errors="0" timestamp="2025-09-08T13:12:42 IST" skipped="0">
  <testcase classname="tests.CartTest" name="testCartFlow" time="23.309"/>
</testsuite> <!-- tests.CartTest -->
