<?xml version="1.0" encoding="UTF-8"?>
<!-- Generated by org.testng.reporters.JUnitReportReporter -->
<testsuite hostname="PLATINUM" failures="0" tests="1" name="tests.CheckoutTest_" time="29.572" errors="0" timestamp="2025-09-08T13:12:42 IST" skipped="0">
  <testcase classname="tests.CheckoutTest_" name="testCreditCardPayment_StopAfterAddress" time="29.572"/>
</testsuite> <!-- tests.CheckoutTest_ -->
