<?xml version="1.0" encoding="UTF-8"?>
<!-- Generated by org.testng.reporters.JUnitReportReporter -->
<testsuite hostname="PLATINUM" failures="0" tests="1" name="tests.LoginTest" time="12.640" errors="0" timestamp="2025-09-08T13:12:42 IST" skipped="0">
  <testcase classname="tests.LoginTest" name="validLoginTest" time="12.640"/>
</testsuite> <!-- tests.LoginTest -->
