<?xml version="1.0" encoding="UTF-8"?>
<!-- Generated by org.testng.reporters.JUnitReportReporter -->
<testsuite hostname="PLATINUM" failures="0" tests="1" name="tests.PaymentTest" time="28.785" errors="0" timestamp="2025-09-08T13:03:33 IST" skipped="0">
  <testcase classname="tests.PaymentTest" name="testCreditCardPayment_StopAfterAddress" time="28.785"/>
</testsuite> <!-- tests.PaymentTest -->
