<?xml version="1.0" encoding="UTF-8"?>
<!-- Generated by org.testng.reporters.JUnitReportReporter -->
<testsuite hostname="PLATINUM" failures="0" tests="1" name="tests.RegisterTest" time="14.253" errors="0" timestamp="2025-09-08T13:12:42 IST" skipped="0">
  <testcase classname="tests.RegisterTest" name="userRegistrationTest" time="14.253"/>
</testsuite> <!-- tests.RegisterTest -->
