<?xml version="1.0" encoding="UTF-8"?>
<!-- Generated by org.testng.reporters.JUnitReportReporter -->
<testsuite hostname="PLATINUM" failures="0" tests="1" name="tests.CheckoutTest" time="21.748" errors="0" timestamp="2025-09-08T13:06:04 IST" skipped="0">
  <testcase classname="tests.CheckoutTest" name="testCheckoutFlow_StopAfterPaymentMethod" time="21.748"/>
</testsuite> <!-- tests.CheckoutTest -->
